I, [2017-04-20T21:50:46.619183 #20630]  INFO -- Kitchen: -----> Starting Kitchen (v1.16.0)
I, [2017-04-20T21:50:46.667885 #20630]  INFO -- Kitchen: -----> Cleaning up any prior instances of <default-ubuntu-1604>
I, [2017-04-20T21:50:46.668308 #20630]  INFO -- Kitchen: -----> Destroying <default-ubuntu-1604>...
I, [2017-04-20T21:50:49.816237 #20630]  INFO -- Kitchen: -----> Testing <default-ubuntu-1604>
I, [2017-04-20T21:50:49.816818 #20630]  INFO -- Kitchen: -----> Creating <default-ubuntu-1604>...
I, [2017-04-20T21:51:26.126761 #20630]  INFO -- Kitchen: -----> Converging <default-ubuntu-1604>...
I, [2017-04-20T21:51:43.111635 #20630]  INFO -- Kitchen: -----> Setting up <default-ubuntu-1604>...
I, [2017-04-20T21:51:43.115791 #20630]  INFO -- Kitchen: -----> Verifying <default-ubuntu-1604>...
E, [2017-04-20T21:51:46.154131 #20630] ERROR -- Kitchen: ------Exception-------
E, [2017-04-20T21:51:46.154167 #20630] ERROR -- Kitchen: Class: Kitchen::ActionFailed
E, [2017-04-20T21:51:46.154181 #20630] ERROR -- Kitchen: Message: 1 actions failed.
>>>>>>     Verify failed on instance <default-ubuntu-1604>.  Please see .kitchen/logs/default-ubuntu-1604.log for more details
E, [2017-04-20T21:51:46.154193 #20630] ERROR -- Kitchen: ----------------------
E, [2017-04-20T21:51:46.154202 #20630] ERROR -- Kitchen: ------Backtrace-------
E, [2017-04-20T21:51:46.154218 #20630] ERROR -- Kitchen: /opt/chefdk/embedded/lib/ruby/gems/2.3.0/gems/test-kitchen-1.16.0/lib/kitchen/command.rb:183:in `report_errors'
E, [2017-04-20T21:51:46.154241 #20630] ERROR -- Kitchen: /opt/chefdk/embedded/lib/ruby/gems/2.3.0/gems/test-kitchen-1.16.0/lib/kitchen/command.rb:174:in `run_action'
E, [2017-04-20T21:51:46.154251 #20630] ERROR -- Kitchen: /opt/chefdk/embedded/lib/ruby/gems/2.3.0/gems/test-kitchen-1.16.0/lib/kitchen/command/test.rb:42:in `block in call'
E, [2017-04-20T21:51:46.154261 #20630] ERROR -- Kitchen: /opt/chefdk/embedded/lib/ruby/2.3.0/benchmark.rb:293:in `measure'
E, [2017-04-20T21:51:46.154270 #20630] ERROR -- Kitchen: /opt/chefdk/embedded/lib/ruby/gems/2.3.0/gems/test-kitchen-1.16.0/lib/kitchen/command/test.rb:38:in `call'
E, [2017-04-20T21:51:46.154280 #20630] ERROR -- Kitchen: /opt/chefdk/embedded/lib/ruby/gems/2.3.0/gems/test-kitchen-1.16.0/lib/kitchen/cli.rb:53:in `perform'
E, [2017-04-20T21:51:46.154289 #20630] ERROR -- Kitchen: /opt/chefdk/embedded/lib/ruby/gems/2.3.0/gems/test-kitchen-1.16.0/lib/kitchen/cli.rb:234:in `test'
E, [2017-04-20T21:51:46.154298 #20630] ERROR -- Kitchen: /opt/chefdk/embedded/lib/ruby/gems/2.3.0/gems/thor-0.19.1/lib/thor/command.rb:27:in `run'
E, [2017-04-20T21:51:46.154308 #20630] ERROR -- Kitchen: /opt/chefdk/embedded/lib/ruby/gems/2.3.0/gems/thor-0.19.1/lib/thor/invocation.rb:126:in `invoke_command'
E, [2017-04-20T21:51:46.154319 #20630] ERROR -- Kitchen: /opt/chefdk/embedded/lib/ruby/gems/2.3.0/gems/test-kitchen-1.16.0/lib/kitchen/cli.rb:334:in `invoke_task'
E, [2017-04-20T21:51:46.154329 #20630] ERROR -- Kitchen: /opt/chefdk/embedded/lib/ruby/gems/2.3.0/gems/thor-0.19.1/lib/thor.rb:359:in `dispatch'
E, [2017-04-20T21:51:46.154357 #20630] ERROR -- Kitchen: /opt/chefdk/embedded/lib/ruby/gems/2.3.0/gems/thor-0.19.1/lib/thor/base.rb:440:in `start'
E, [2017-04-20T21:51:46.154367 #20630] ERROR -- Kitchen: /opt/chefdk/embedded/lib/ruby/gems/2.3.0/gems/test-kitchen-1.16.0/bin/kitchen:13:in `block in <top (required)>'
E, [2017-04-20T21:51:46.154377 #20630] ERROR -- Kitchen: /opt/chefdk/embedded/lib/ruby/gems/2.3.0/gems/test-kitchen-1.16.0/lib/kitchen/errors.rb:171:in `with_friendly_errors'
E, [2017-04-20T21:51:46.154386 #20630] ERROR -- Kitchen: /opt/chefdk/embedded/lib/ruby/gems/2.3.0/gems/test-kitchen-1.16.0/bin/kitchen:13:in `<top (required)>'
E, [2017-04-20T21:51:46.154395 #20630] ERROR -- Kitchen: /usr/bin/kitchen:21:in `load'
E, [2017-04-20T21:51:46.154404 #20630] ERROR -- Kitchen: /usr/bin/kitchen:21:in `<main>'
E, [2017-04-20T21:51:46.154412 #20630] ERROR -- Kitchen: ----End Backtrace-----
E, [2017-04-20T21:51:46.154421 #20630] ERROR -- Kitchen: -Composite Exception--
E, [2017-04-20T21:51:46.154429 #20630] ERROR -- Kitchen: Class: Kitchen::InstanceFailure
E, [2017-04-20T21:51:46.154447 #20630] ERROR -- Kitchen: Message: Verify failed on instance <default-ubuntu-1604>.  Please see .kitchen/logs/default-ubuntu-1604.log for more details
E, [2017-04-20T21:51:46.154458 #20630] ERROR -- Kitchen: ----------------------
E, [2017-04-20T21:51:46.154467 #20630] ERROR -- Kitchen: ------Backtrace-------
E, [2017-04-20T21:51:46.154475 #20630] ERROR -- Kitchen: /opt/chefdk/embedded/lib/ruby/gems/2.3.0/gems/test-kitchen-1.16.0/lib/kitchen/verifier/base.rb:80:in `rescue in call'
E, [2017-04-20T21:51:46.154492 #20630] ERROR -- Kitchen: /opt/chefdk/embedded/lib/ruby/gems/2.3.0/gems/test-kitchen-1.16.0/lib/kitchen/verifier/base.rb:83:in `call'
E, [2017-04-20T21:51:46.154502 #20630] ERROR -- Kitchen: /opt/chefdk/embedded/lib/ruby/gems/2.3.0/gems/test-kitchen-1.16.0/lib/kitchen/instance.rb:434:in `block in verify_action'
E, [2017-04-20T21:51:46.154511 #20630] ERROR -- Kitchen: /opt/chefdk/embedded/lib/ruby/gems/2.3.0/gems/test-kitchen-1.16.0/lib/kitchen/instance.rb:527:in `synchronize_or_call'
E, [2017-04-20T21:51:46.154525 #20630] ERROR -- Kitchen: /opt/chefdk/embedded/lib/ruby/gems/2.3.0/gems/test-kitchen-1.16.0/lib/kitchen/instance.rb:489:in `block in action'
E, [2017-04-20T21:51:46.154538 #20630] ERROR -- Kitchen: /opt/chefdk/embedded/lib/ruby/2.3.0/benchmark.rb:293:in `measure'
E, [2017-04-20T21:51:46.154548 #20630] ERROR -- Kitchen: /opt/chefdk/embedded/lib/ruby/gems/2.3.0/gems/test-kitchen-1.16.0/lib/kitchen/instance.rb:488:in `action'
E, [2017-04-20T21:51:46.154561 #20630] ERROR -- Kitchen: /opt/chefdk/embedded/lib/ruby/gems/2.3.0/gems/test-kitchen-1.16.0/lib/kitchen/instance.rb:426:in `verify_action'
E, [2017-04-20T21:51:46.154571 #20630] ERROR -- Kitchen: /opt/chefdk/embedded/lib/ruby/gems/2.3.0/gems/test-kitchen-1.16.0/lib/kitchen/instance.rb:359:in `block in transition_to'
E, [2017-04-20T21:51:46.154580 #20630] ERROR -- Kitchen: /opt/chefdk/embedded/lib/ruby/gems/2.3.0/gems/test-kitchen-1.16.0/lib/kitchen/instance.rb:358:in `each'
E, [2017-04-20T21:51:46.154598 #20630] ERROR -- Kitchen: /opt/chefdk/embedded/lib/ruby/gems/2.3.0/gems/test-kitchen-1.16.0/lib/kitchen/instance.rb:358:in `transition_to'
E, [2017-04-20T21:51:46.154606 #20630] ERROR -- Kitchen: /opt/chefdk/embedded/lib/ruby/gems/2.3.0/gems/test-kitchen-1.16.0/lib/kitchen/instance.rb:157:in `verify'
E, [2017-04-20T21:51:46.154625 #20630] ERROR -- Kitchen: /opt/chefdk/embedded/lib/ruby/gems/2.3.0/gems/test-kitchen-1.16.0/lib/kitchen/instance.rb:186:in `block in test'
E, [2017-04-20T21:51:46.154643 #20630] ERROR -- Kitchen: /opt/chefdk/embedded/lib/ruby/2.3.0/benchmark.rb:293:in `measure'
E, [2017-04-20T21:51:46.154652 #20630] ERROR -- Kitchen: /opt/chefdk/embedded/lib/ruby/gems/2.3.0/gems/test-kitchen-1.16.0/lib/kitchen/instance.rb:182:in `test'
E, [2017-04-20T21:51:46.154660 #20630] ERROR -- Kitchen: /opt/chefdk/embedded/lib/ruby/gems/2.3.0/gems/test-kitchen-1.16.0/lib/kitchen/command.rb:197:in `public_send'
E, [2017-04-20T21:51:46.154669 #20630] ERROR -- Kitchen: /opt/chefdk/embedded/lib/ruby/gems/2.3.0/gems/test-kitchen-1.16.0/lib/kitchen/command.rb:197:in `run_action_in_thread'
E, [2017-04-20T21:51:46.154688 #20630] ERROR -- Kitchen: /opt/chefdk/embedded/lib/ruby/gems/2.3.0/gems/test-kitchen-1.16.0/lib/kitchen/command.rb:169:in `block (2 levels) in run_action'
E, [2017-04-20T21:51:46.154699 #20630] ERROR -- Kitchen: ----End Backtrace-----
E, [2017-04-20T21:51:46.154709 #20630] ERROR -- Kitchen: ---Nested Exception---
E, [2017-04-20T21:51:46.154718 #20630] ERROR -- Kitchen: Class: Kitchen::ActionFailed
E, [2017-04-20T21:51:46.154728 #20630] ERROR -- Kitchen: Message: SSH exited (1) for command: [sh -c '
TEST_KITCHEN="1"; export TEST_KITCHEN
BUSSER_ROOT="/tmp/verifier"; export BUSSER_ROOT
GEM_HOME="/tmp/verifier/gems"; export GEM_HOME
GEM_PATH="/tmp/verifier/gems"; export GEM_PATH
GEM_CACHE="/tmp/verifier/gems/cache"; export GEM_CACHE

sudo -E /tmp/verifier/bin/busser test bats
']
E, [2017-04-20T21:51:46.154738 #20630] ERROR -- Kitchen: ----------------------
E, [2017-04-20T21:51:46.154747 #20630] ERROR -- Kitchen: ------Backtrace-------
E, [2017-04-20T21:51:46.154760 #20630] ERROR -- Kitchen: /opt/chefdk/embedded/lib/ruby/gems/2.3.0/gems/test-kitchen-1.16.0/lib/kitchen/verifier/base.rb:80:in `rescue in call'
E, [2017-04-20T21:51:46.154772 #20630] ERROR -- Kitchen: /opt/chefdk/embedded/lib/ruby/gems/2.3.0/gems/test-kitchen-1.16.0/lib/kitchen/verifier/base.rb:83:in `call'
E, [2017-04-20T21:51:46.154781 #20630] ERROR -- Kitchen: /opt/chefdk/embedded/lib/ruby/gems/2.3.0/gems/test-kitchen-1.16.0/lib/kitchen/instance.rb:434:in `block in verify_action'
E, [2017-04-20T21:51:46.154791 #20630] ERROR -- Kitchen: /opt/chefdk/embedded/lib/ruby/gems/2.3.0/gems/test-kitchen-1.16.0/lib/kitchen/instance.rb:527:in `synchronize_or_call'
E, [2017-04-20T21:51:46.154801 #20630] ERROR -- Kitchen: /opt/chefdk/embedded/lib/ruby/gems/2.3.0/gems/test-kitchen-1.16.0/lib/kitchen/instance.rb:489:in `block in action'
E, [2017-04-20T21:51:46.154820 #20630] ERROR -- Kitchen: /opt/chefdk/embedded/lib/ruby/2.3.0/benchmark.rb:293:in `measure'
E, [2017-04-20T21:51:46.154829 #20630] ERROR -- Kitchen: /opt/chefdk/embedded/lib/ruby/gems/2.3.0/gems/test-kitchen-1.16.0/lib/kitchen/instance.rb:488:in `action'
E, [2017-04-20T21:51:46.154838 #20630] ERROR -- Kitchen: /opt/chefdk/embedded/lib/ruby/gems/2.3.0/gems/test-kitchen-1.16.0/lib/kitchen/instance.rb:426:in `verify_action'
E, [2017-04-20T21:51:46.154856 #20630] ERROR -- Kitchen: /opt/chefdk/embedded/lib/ruby/gems/2.3.0/gems/test-kitchen-1.16.0/lib/kitchen/instance.rb:359:in `block in transition_to'
E, [2017-04-20T21:51:46.154864 #20630] ERROR -- Kitchen: /opt/chefdk/embedded/lib/ruby/gems/2.3.0/gems/test-kitchen-1.16.0/lib/kitchen/instance.rb:358:in `each'
E, [2017-04-20T21:51:46.154873 #20630] ERROR -- Kitchen: /opt/chefdk/embedded/lib/ruby/gems/2.3.0/gems/test-kitchen-1.16.0/lib/kitchen/instance.rb:358:in `transition_to'
E, [2017-04-20T21:51:46.154881 #20630] ERROR -- Kitchen: /opt/chefdk/embedded/lib/ruby/gems/2.3.0/gems/test-kitchen-1.16.0/lib/kitchen/instance.rb:157:in `verify'
E, [2017-04-20T21:51:46.154897 #20630] ERROR -- Kitchen: /opt/chefdk/embedded/lib/ruby/gems/2.3.0/gems/test-kitchen-1.16.0/lib/kitchen/instance.rb:186:in `block in test'
E, [2017-04-20T21:51:46.154906 #20630] ERROR -- Kitchen: /opt/chefdk/embedded/lib/ruby/2.3.0/benchmark.rb:293:in `measure'
E, [2017-04-20T21:51:46.154914 #20630] ERROR -- Kitchen: /opt/chefdk/embedded/lib/ruby/gems/2.3.0/gems/test-kitchen-1.16.0/lib/kitchen/instance.rb:182:in `test'
E, [2017-04-20T21:51:46.154923 #20630] ERROR -- Kitchen: /opt/chefdk/embedded/lib/ruby/gems/2.3.0/gems/test-kitchen-1.16.0/lib/kitchen/command.rb:197:in `public_send'
E, [2017-04-20T21:51:46.154931 #20630] ERROR -- Kitchen: /opt/chefdk/embedded/lib/ruby/gems/2.3.0/gems/test-kitchen-1.16.0/lib/kitchen/command.rb:197:in `run_action_in_thread'
E, [2017-04-20T21:51:46.154940 #20630] ERROR -- Kitchen: /opt/chefdk/embedded/lib/ruby/gems/2.3.0/gems/test-kitchen-1.16.0/lib/kitchen/command.rb:169:in `block (2 levels) in run_action'
E, [2017-04-20T21:51:46.154948 #20630] ERROR -- Kitchen: ----End Backtrace-----
